This is pdfTeX, Version 3.14159265-2.6-1.40.18 (TeX Live 2017/Debian) (preloaded format=latex 2020.2.10)  10 FEB 2020 11:32
entering extended mode
 restricted \write18 enabled.
 %&-line parsing enabled.
**README.md content images main.log main.tex midterm_cheat_sheet.pdf
(./README.md
LaTeX2e <2017-04-15>
Babel <3.18> and hyphenation patterns for 3 language(s) loaded.
! You can't use `macro parameter character #' in vertical mode.
l.1 #
      CS230 Cheat Sheet
? 1
l.1 # 
      CS230 Cheat Sheet
? 

! LaTeX Error: Missing \begin{document}.

See the LaTeX manual or LaTeX Companion for explanation.
Type  H <return>  for immediate help.
 ...                                              
                                                  
l.1 # C
       S230 Cheat Sheet
? Y
Type <return> to proceed, S to scroll future error messages,
R to run without stopping, Q to run quietly,
I to insert something, E to edit your file,
1 or ... or 9 to ignore the next 1 to 9 tokens of input,
H for help, X to quit.
? 
! Emergency stop.
 ...                                              
                                                  
l.1 # C
       S230 Cheat Sheet
You're in trouble here.  Try typing  <return>  to proceed.
If that doesn't work, type  X <return>  to quit.

 
Here is how much of TeX's memory you used:
 7 strings out of 494924
 264 string characters out of 6180768
 45871 words of memory out of 5000000
 3421 multiletter control sequences out of 15000+600000
 3640 words of font info for 14 fonts, out of 8000000 for 9000
 14 hyphenation exceptions out of 8191
 5i,0n,4p,90b,14s stack positions out of 5000i,500n,10000p,200000b,80000s
No pages of output.
